[2021-11-03 12:48:24.678] [exthost] [info] extension host started
[2021-11-03 12:48:24.871] [exthost] [info] ExtensionService#_doActivateExtension vscode.microsoft-authentication, startup: false, activationEvent: 'onAuthenticationRequest:microsoft'
[2021-11-03 12:48:24.872] [exthost] [info] ExtensionService#loadCommonJSModule file:///e:/GE-POWER/espInstall/install-esp/VSCode-win32-x64-1.61.2/resources/app/extensions/microsoft-authentication/dist/extension.js
[2021-11-03 12:48:24.889] [exthost] [info] ExtensionService#_doActivateExtension vscode.debug-auto-launch, startup: true, activationEvent: '*'
[2021-11-03 12:48:24.889] [exthost] [info] ExtensionService#loadCommonJSModule file:///e:/GE-POWER/espInstall/install-esp/VSCode-win32-x64-1.61.2/resources/app/extensions/debug-auto-launch/dist/extension
[2021-11-03 12:48:24.933] [exthost] [info] ExtensionService#_doActivateExtension vscode.git, startup: true, activationEvent: '*', root cause: vscode.github
[2021-11-03 12:48:24.933] [exthost] [info] ExtensionService#loadCommonJSModule file:///e:/GE-POWER/espInstall/install-esp/VSCode-win32-x64-1.61.2/resources/app/extensions/git/dist/main
[2021-11-03 12:48:24.955] [exthost] [info] ExtensionService#_doActivateExtension ms-vscode.cpptools, startup: true, activationEvent: '*', root cause: vsciot-vscode.vscode-arduino
[2021-11-03 12:48:24.955] [exthost] [info] ExtensionService#loadCommonJSModule file:///e:/GE-POWER/espInstall/install-esp/VSCode-win32-x64-1.61.2/data/extensions/ms-vscode.cpptools-1.7.1/dist/main
[2021-11-03 12:48:25.424] [exthost] [info] ExtensionService#_doActivateExtension ms-vscode.js-debug, startup: false, activationEvent: 'onCommand:extension.js-debug.clearAutoAttachVariables'
[2021-11-03 12:48:25.425] [exthost] [info] ExtensionService#loadCommonJSModule file:///e:/GE-POWER/espInstall/install-esp/VSCode-win32-x64-1.61.2/resources/app/extensions/ms-vscode.js-debug/src/extension.js
[2021-11-03 12:48:25.550] [exthost] [info] ExtensionService#_doActivateExtension vscode.github, startup: false, activationEvent: '*'
[2021-11-03 12:48:25.551] [exthost] [info] ExtensionService#loadCommonJSModule file:///e:/GE-POWER/espInstall/install-esp/VSCode-win32-x64-1.61.2/resources/app/extensions/github/dist/extension.js
[2021-11-03 12:48:25.580] [exthost] [info] ExtensionService#_doActivateExtension vscode.github-authentication, startup: false, activationEvent: 'onAuthenticationRequest:github'
[2021-11-03 12:48:25.580] [exthost] [info] ExtensionService#loadCommonJSModule file:///e:/GE-POWER/espInstall/install-esp/VSCode-win32-x64-1.61.2/resources/app/extensions/github-authentication/dist/extension.js
[2021-11-03 12:48:25.619] [exthost] [info] ExtensionService#_doActivateExtension platformio.platformio-ide, startup: true, activationEvent: '*'
[2021-11-03 12:48:25.620] [exthost] [info] ExtensionService#loadCommonJSModule file:///e:/GE-POWER/espInstall/install-esp/VSCode-win32-x64-1.61.2/data/extensions/platformio.platformio-ide-2.3.4/dist/extension
[2021-11-03 12:48:26.330] [exthost] [info] ExtensionService#_doActivateExtension vsciot-vscode.vscode-arduino, startup: true, activationEvent: '*'
[2021-11-03 12:48:26.330] [exthost] [info] ExtensionService#loadCommonJSModule file:///e:/GE-POWER/espInstall/install-esp/VSCode-win32-x64-1.61.2/data/extensions/vsciot-vscode.vscode-arduino-0.4.6/out/src/extension
[2021-11-03 12:48:26.508] [exthost] [info] eager extensions activated
[2021-11-03 12:48:26.540] [exthost] [info] ExtensionService#_doActivateExtension vscode.emmet, startup: false, activationEvent: 'onStartupFinished'
[2021-11-03 12:48:26.540] [exthost] [info] ExtensionService#loadCommonJSModule file:///e:/GE-POWER/espInstall/install-esp/VSCode-win32-x64-1.61.2/resources/app/extensions/emmet/dist/node/emmetNodeMain
[2021-11-03 12:48:26.553] [exthost] [info] ExtensionService#_doActivateExtension vscode.merge-conflict, startup: false, activationEvent: 'onStartupFinished'
[2021-11-03 12:48:26.553] [exthost] [info] ExtensionService#loadCommonJSModule file:///e:/GE-POWER/espInstall/install-esp/VSCode-win32-x64-1.61.2/resources/app/extensions/merge-conflict/dist/mergeConflictMain
[2021-11-03 12:48:26.559] [exthost] [info] ExtensionService#_doActivateExtension ms-vscode-remote.remote-wsl-recommender, startup: false, activationEvent: 'onStartupFinished'
[2021-11-03 12:48:26.559] [exthost] [info] ExtensionService#loadCommonJSModule file:///e:/GE-POWER/espInstall/install-esp/VSCode-win32-x64-1.61.2/resources/app/extensions/ms-vscode-remote.remote-wsl-recommender/dist/extension.js
[2021-11-03 12:48:41.850] [exthost] [info] ExtensionService#_doActivateExtension mhutchie.git-graph, startup: false, activationEvent: '*'
[2021-11-03 12:48:41.850] [exthost] [info] ExtensionService#loadCommonJSModule file:///e:/GE-POWER/espInstall/install-esp/VSCode-win32-x64-1.61.2/data/extensions/mhutchie.git-graph-1.30.0/out/extension.js
[2021-11-03 12:48:49.796] [exthost] [info] extension host terminating: renderer closed the socket
[2021-11-03 12:48:49.800] [exthost] [error] TypeError: Cannot read property 'timeTelemetryCollector' of undefined
	at Object.deactivate (e:\GE-POWER\espInstall\install-esp\VSCode-win32-x64-1.61.2\data\extensions\ms-vscode.cpptools-1.7.1\dist\main.js:49395:13)
	at Object.deactivate (e:\GE-POWER\espInstall\install-esp\VSCode-win32-x64-1.61.2\data\extensions\ms-vscode.cpptools-1.7.1\dist\main.js:54453:27)
	at w._deactivate (e:\GE-POWER\espInstall\install-esp\VSCode-win32-x64-1.61.2\resources\app\out\vs\workbench\services\extensions\node\extensionHostProcess.js:99:11277)
	at e:\GE-POWER\espInstall\install-esp\VSCode-win32-x64-1.61.2\resources\app\out\vs\workbench\services\extensions\node\extensionHostProcess.js:99:9991
	at Array.map (<anonymous>)
	at w.deactivateAll (e:\GE-POWER\espInstall\install-esp\VSCode-win32-x64-1.61.2\resources\app\out\vs\workbench\services\extensions\node\extensionHostProcess.js:99:9979)
	at b.terminate (e:\GE-POWER\espInstall\install-esp\VSCode-win32-x64-1.61.2\resources\app\out\vs\workbench\services\extensions\node\extensionHostProcess.js:103:723)
	at o (e:\GE-POWER\espInstall\install-esp\VSCode-win32-x64-1.61.2\resources\app\out\vs\workbench\services\extensions\node\extensionHostProcess.js:113:32535)
	at Socket.<anonymous> (e:\GE-POWER\espInstall\install-esp\VSCode-win32-x64-1.61.2\resources\app\out\vs\workbench\services\extensions\node\extensionHostProcess.js:113:30185)
	at Socket.emit (events.js:327:22)
	at Socket.EventEmitter.emit (domain.js:467:12)
	at Pipe.<anonymous> (net.js:673:12)
[2021-11-03 12:48:50.814] [exthost] [info] exiting with code 0
